{
  "stats": {
    "suites": 1,
    "tests": 8,
    "passes": 8,
    "pending": 0,
    "failures": 0,
    "start": "2023-10-01T17:25:11.330Z",
    "end": "2023-10-01T17:25:11.339Z",
    "duration": 9,
    "testsRegistered": 8,
    "passPercent": 100,
    "pendingPercent": 0,
    "other": 0,
    "hasOther": false,
    "skipped": 0,
    "hasSkipped": false
  },
  "results": [
    {
      "uuid": "2a96f64f-d866-4146-8245-7d8ae6eaf262",
      "title": "",
      "fullFile": "/Users/firdavskhujaibrokhimov/Desktop/Unit_testing_task/test/numbers-validator/isNumberEven.spec.js",
      "file": "/test/numbers-validator/isNumberEven.spec.js",
      "beforeHooks": [],
      "afterHooks": [],
      "tests": [],
      "suites": [
        {
          "uuid": "2141ad3c-6504-42de-a61f-a112d34bbfb1",
          "title": "NumbersValidator",
          "fullFile": "/Users/firdavskhujaibrokhimov/Desktop/Unit_testing_task/test/numbers-validator/isNumberEven.spec.js",
          "file": "/test/numbers-validator/isNumberEven.spec.js",
          "beforeHooks": [
            {
              "title": "\"before each\" hook in \"NumbersValidator\"",
              "fullTitle": "NumbersValidator \"before each\" hook in \"NumbersValidator\"",
              "timedOut": false,
              "duration": 0,
              "state": null,
              "speed": null,
              "pass": false,
              "fail": false,
              "pending": false,
              "context": null,
              "code": "validator = new NumbersValidator();",
              "err": {},
              "uuid": "594a9de8-36f1-42ba-a8a1-d595693888ee",
              "parentUUID": "2141ad3c-6504-42de-a61f-a112d34bbfb1",
              "isHook": true,
              "skipped": false
            }
          ],
          "afterHooks": [],
          "tests": [
            {
              "title": "should determine if a number is even",
              "fullTitle": "NumbersValidator should determine if a number is even",
              "timedOut": false,
              "duration": 0,
              "state": "passed",
              "speed": "fast",
              "pass": true,
              "fail": false,
              "pending": false,
              "context": null,
              "code": "expect(validator.isNumberEven(2)).to.be.true;\nexpect(validator.isNumberEven(1)).to.be.false;",
              "err": {},
              "uuid": "53d9ace8-4031-4d23-89fb-00704e82137f",
              "parentUUID": "2141ad3c-6504-42de-a61f-a112d34bbfb1",
              "isHook": false,
              "skipped": false
            },
            {
              "title": "should retrieve even numbers from an array",
              "fullTitle": "NumbersValidator should retrieve even numbers from an array",
              "timedOut": false,
              "duration": 0,
              "state": "passed",
              "speed": "fast",
              "pass": true,
              "fail": false,
              "pending": false,
              "context": null,
              "code": "expect(validator.getEvenNumbersFromArray([1, 2, 3, 4])).to.deep.equal([2, 4]);",
              "err": {},
              "uuid": "606e9514-1f0a-4b36-ac45-173a85f705d5",
              "parentUUID": "2141ad3c-6504-42de-a61f-a112d34bbfb1",
              "isHook": false,
              "skipped": false
            },
            {
              "title": "should determine if all elements of an array are numbers",
              "fullTitle": "NumbersValidator should determine if all elements of an array are numbers",
              "timedOut": false,
              "duration": 0,
              "state": "passed",
              "speed": "fast",
              "pass": true,
              "fail": false,
              "pending": false,
              "context": null,
              "code": "expect(validator.isAllNumbers([1, 2, 3])).to.be.true;\nexpect(validator.isAllNumbers([1, 2, 'three'])).to.be.false;",
              "err": {},
              "uuid": "ce5174ac-b644-416e-aec3-7210e2a0f414",
              "parentUUID": "2141ad3c-6504-42de-a61f-a112d34bbfb1",
              "isHook": false,
              "skipped": false
            },
            {
              "title": "should determine if a value is an integer",
              "fullTitle": "NumbersValidator should determine if a value is an integer",
              "timedOut": false,
              "duration": 0,
              "state": "passed",
              "speed": "fast",
              "pass": true,
              "fail": false,
              "pending": false,
              "context": null,
              "code": "expect(validator.isInteger(4)).to.be.true;\nexpect(validator.isInteger(4.5)).to.be.false;",
              "err": {},
              "uuid": "074dafb3-fc46-4165-a306-90b427d020fc",
              "parentUUID": "2141ad3c-6504-42de-a61f-a112d34bbfb1",
              "isHook": false,
              "skipped": false
            },
            {
              "title": "should throw an error if input to isNumberEven is not a number",
              "fullTitle": "NumbersValidator should throw an error if input to isNumberEven is not a number",
              "timedOut": false,
              "duration": 0,
              "state": "passed",
              "speed": "fast",
              "pass": true,
              "fail": false,
              "pending": false,
              "context": null,
              "code": "expect(() => validator.isNumberEven('string')).to.throw('[string] is not of type \"Number\" it is of type \"string\"');",
              "err": {},
              "uuid": "57a928a9-9f90-4346-8ae9-8c48c09bc4a8",
              "parentUUID": "2141ad3c-6504-42de-a61f-a112d34bbfb1",
              "isHook": false,
              "skipped": false
            },
            {
              "title": "should throw an error if input to getEvenNumbersFromArray is not an array of numbers",
              "fullTitle": "NumbersValidator should throw an error if input to getEvenNumbersFromArray is not an array of numbers",
              "timedOut": false,
              "duration": 0,
              "state": "passed",
              "speed": "fast",
              "pass": true,
              "fail": false,
              "pending": false,
              "context": null,
              "code": "expect(() => validator.getEvenNumbersFromArray([1, 2, 'three'])).to.throw('[1,2,three] is not an array of \"Numbers\"');",
              "err": {},
              "uuid": "d512b318-6ab7-470e-84ca-eb63e8b5bb55",
              "parentUUID": "2141ad3c-6504-42de-a61f-a112d34bbfb1",
              "isHook": false,
              "skipped": false
            },
            {
              "title": "should throw an error if input to isAllNumbers is not an array",
              "fullTitle": "NumbersValidator should throw an error if input to isAllNumbers is not an array",
              "timedOut": false,
              "duration": 0,
              "state": "passed",
              "speed": "fast",
              "pass": true,
              "fail": false,
              "pending": false,
              "context": null,
              "code": "expect(() => validator.isAllNumbers('string')).to.throw('[string] is not an array');",
              "err": {},
              "uuid": "359ae626-8c45-4288-9667-85ed88a709d6",
              "parentUUID": "2141ad3c-6504-42de-a61f-a112d34bbfb1",
              "isHook": false,
              "skipped": false
            },
            {
              "title": "should throw an error if input to isInteger is not a number",
              "fullTitle": "NumbersValidator should throw an error if input to isInteger is not a number",
              "timedOut": false,
              "duration": 0,
              "state": "passed",
              "speed": "fast",
              "pass": true,
              "fail": false,
              "pending": false,
              "context": null,
              "code": "expect(() => validator.isInteger('string')).to.throw('[string] is not a number');",
              "err": {},
              "uuid": "378207c4-5244-4ef9-b22c-0aa2ce74dccc",
              "parentUUID": "2141ad3c-6504-42de-a61f-a112d34bbfb1",
              "isHook": false,
              "skipped": false
            }
          ],
          "suites": [],
          "passes": [
            "53d9ace8-4031-4d23-89fb-00704e82137f",
            "606e9514-1f0a-4b36-ac45-173a85f705d5",
            "ce5174ac-b644-416e-aec3-7210e2a0f414",
            "074dafb3-fc46-4165-a306-90b427d020fc",
            "57a928a9-9f90-4346-8ae9-8c48c09bc4a8",
            "d512b318-6ab7-470e-84ca-eb63e8b5bb55",
            "359ae626-8c45-4288-9667-85ed88a709d6",
            "378207c4-5244-4ef9-b22c-0aa2ce74dccc"
          ],
          "failures": [],
          "pending": [],
          "skipped": [],
          "duration": 0,
          "root": false,
          "rootEmpty": false,
          "_timeout": 2000
        }
      ],
      "passes": [],
      "failures": [],
      "pending": [],
      "skipped": [],
      "duration": 0,
      "root": true,
      "rootEmpty": true,
      "_timeout": 2000
    }
  ],
  "meta": {
    "mocha": {
      "version": "10.2.0"
    },
    "mochawesome": {
      "options": {
        "quiet": false,
        "reportFilename": "mochawesome",
        "saveHtml": true,
        "saveJson": true,
        "consoleReporter": "spec",
        "useInlineDiffs": false,
        "code": true
      },
      "version": "7.1.3"
    },
    "marge": {
      "options": null,
      "version": "6.2.0"
    }
  }
}